<?xml version="1.0" encoding="UTF-8"?>
<!-- Generated by org.testng.reporters.JUnitReportReporter -->
<testsuite name="com.scp.java.business.logic.LoginTest" tests="1" time="0.003" ignored="5" failures="0" timestamp="13 Sep 2019 06:20:29 GMT" skipped="0" hostname="DESKTOP-I4G8KUF" errors="0">
  <testcase name="verifyInvalidCredentails" time="0.003" classname="com.scp.java.business.logic.LoginTest"/>
  <testcase name="m3" classname="com.scp.java.business.logic.XFunTest">
    <skipped/>
  </testcase> <!-- m3 -->
  <testcase name="m2" classname="com.scp.java.business.logic.XFunTest">
    <skipped/>
  </testcase> <!-- m2 -->
  <testcase name="m11" classname="com.scp.java.business.logic.XFunTest">
    <skipped/>
  </testcase> <!-- m11 -->
  <testcase name="m22" classname="com.scp.java.business.logic.XFunTest">
    <skipped/>
  </testcase> <!-- m22 -->
  <testcase name="m33" classname="com.scp.java.business.logic.XFunTest">
    <skipped/>
  </testcase> <!-- m33 -->
</testsuite> <!-- com.scp.java.business.logic.LoginTest -->
