<?xml version="1.0" encoding="UTF-8"?>
<!-- Generated by org.testng.reporters.JUnitReportReporter -->
<testsuite skipped="5" hostname="PrashantPC" name="com.scp.java.business.logic.XFunTest" tests="13" failures="0" timestamp="2019-10-07T18:01:46 IST" time="0.028" errors="0">
  <testcase name="m1" time="0.001" classname="com.scp.java.business.logic.XFunTest"/>
  <testcase name="m1" time="0.016" classname="com.scp.java.business.logic.XFunTest"/>
  <testcase name="m1" time="0.001" classname="com.scp.java.business.logic.XFunTest"/>
  <testcase name="m1" time="0.002" classname="com.scp.java.business.logic.XFunTest"/>
  <testcase name="m1" time="0.002" classname="com.scp.java.business.logic.XFunTest"/>
  <testcase name="m1" time="0.002" classname="com.scp.java.business.logic.XFunTest"/>
  <testcase name="m1" time="0.002" classname="com.scp.java.business.logic.XFunTest"/>
  <testcase name="m1" time="0.002" classname="com.scp.java.business.logic.XFunTest"/>
  <testcase name="m3" classname="com.scp.java.business.logic.XFunTest">
    <skipped/>
  </testcase> <!-- m3 -->
  <testcase name="m2" classname="com.scp.java.business.logic.XFunTest">
    <skipped/>
  </testcase> <!-- m2 -->
  <testcase name="m11" classname="com.scp.java.business.logic.XFunTest">
    <skipped/>
  </testcase> <!-- m11 -->
  <testcase name="m22" classname="com.scp.java.business.logic.XFunTest">
    <skipped/>
  </testcase> <!-- m22 -->
  <testcase name="m33" classname="com.scp.java.business.logic.XFunTest">
    <skipped/>
  </testcase> <!-- m33 -->
</testsuite> <!-- com.scp.java.business.logic.XFunTest -->
